026-07-03 07:06:53 INFO     app.storage.database — PRAGMAs SQLite appliqués (WAL) [db=/home/geoffrey/.local/share/shapewear-me/shapewear.db]
2026-07-03 07:06:57 DEBUG    app.core.events — Bus d'événements démarré
2026-07-03 07:06:57 INFO     app.ui.main_window — Interface Phase 2 démarrée [version=0.1.0]
2026-07-03 07:07:01 DEBUG    app.connectors.registry — Connecteur découvert [slug=honeylove | class_=HoneyloveConnector]
2026-07-03 07:07:02 DEBUG    app.connectors.registry — Connecteur découvert [slug=shapermint | class_=ShapermintConnector]
2026-07-03 07:07:02 DEBUG    app.connectors.registry — Connecteur découvert [slug=skims | class_=SkimsConnector]
2026-07-03 07:07:02 DEBUG    app.connectors.registry — Connecteur découvert [slug=spanx | class_=SpanxConnector]
2026-07-03 07:07:03 DEBUG    app.connectors.registry — Connecteur découvert [slug=wacoal | class_=WacoalConnector]
2026-07-03 07:07:03 INFO     app.connectors.registry — Connecteurs disponibles [slugs=['honeylove', 'shapermint', 'skims', 'spanx', 'wacoal']]
2026-07-03 07:07:04 DEBUG    app.connectors.registry — Connecteur découvert [slug=honeylove | class_=HoneyloveConnector]
2026-07-03 07:07:04 DEBUG    app.connectors.registry — Connecteur découvert [slug=shapermint | class_=ShapermintConnector]
2026-07-03 07:07:04 DEBUG    app.connectors.registry — Connecteur découvert [slug=skims | class_=SkimsConnector]
2026-07-03 07:07:04 DEBUG    app.connectors.registry — Connecteur découvert [slug=spanx | class_=SpanxConnector]
2026-07-03 07:07:04 DEBUG    app.connectors.registry — Connecteur découvert [slug=wacoal | class_=WacoalConnector]
2026-07-03 07:07:04 INFO     app.connectors.registry — Connecteurs disponibles [slugs=['honeylove', 'shapermint', 'skims', 'spanx', 'wacoal']]
2026-07-03 07:07:05 INFO     app.storage.database — Base de données initialisée [url=sqlite:////home/geoffrey/.local/share/shapewear-me/shapewear.db]
2026-07-03 07:07:05 INFO     app.workflow.runner — Démarrage session [brands=['honeylove', 'shapermint', 'skims', 'spanx', 'wacoal'] | max_workers=2]
2026-07-03 07:07:05 DEBUG    app.connectors.base — Config connecteur chargée [slug=honeylove | engine=shopify_json]
2026-07-03 07:07:05 INFO     app.storage.repository — Session de crawl créée [brand_id=2 | session_id=74]
2026-07-03 07:07:05 INFO     app.workflow.runner — Crawl marque démarré [brand=honeylove | session_id=74]
2026-07-03 07:07:05 INFO     app.scraping.engine — Début de crawl [brand=honeylove | categories=6 | workers=2]
2026-07-03 07:07:05 INFO     app.scraping.engine — Crawl catégorie [brand=honeylove | category=bodysuits]
2026-07-03 07:07:05 INFO     app.scraping.engine — Crawl catégorie [brand=honeylove | category=shorts]
2026-07-03 07:07:06 DEBUG    app.scraping.pagination — Page générée [type=offset | page=1 | url=https://honeylove.com/collections/bodysuits/products.json?page=1&limit=250]
2026-07-03 07:07:06 DEBUG    app.scraping.pagination — Page générée [type=offset | page=1 | url=https://honeylove.com/collections/shorts/products.json?page=1&limit=250]
2026-07-03 07:07:07 DEBUG    app.scraping.http_client — Requête HTTP [method=GET | url=https://honeylove.com/collections/shorts/products.json?page=1&limit=250 | status=200 | duration_ms=210 | attempt=1]
2026-07-03 07:07:07 INFO     app.scraping.shopify_connector_mixin — URLs honeylove [category=shorts | count=0]
2026-07-03 07:07:07 INFO     app.scraping.engine — Crawl catégorie [brand=honeylove | category=bras]
2026-07-03 07:07:07 DEBUG    app.scraping.pagination — Page générée [type=offset | page=1 | url=https://honeylove.com/collections/bras/products.json?page=1&limit=250]
2026-07-03 07:07:09 DEBUG    app.scraping.http_client — Requête HTTP [method=GET | url=https://honeylove.com/collections/bodysuits/products.json?page=1&limit=250 | status=200 | duration_ms=232 | attempt=1]
2026-07-03 07:07:09 INFO     app.scraping.shopify_connector_mixin — URLs honeylove [category=bodysuits | count=16]
2026-07-03 07:07:10 DEBUG    app.scraping.http_client — Requête HTTP [method=GET | url=https://honeylove.com/products/cami-bodysuit.json | status=200 | duration_ms=198 | attempt=1]
2026-07-03 07:07:10 DEBUG    app.scraping.http_client — Requête HTTP [method=GET | url=https://honeylove.com/collections/bras/products.json?page=1&limit=250 | status=200 | duration_ms=273 | attempt=1]
2026-07-03 07:07:10 INFO     app.scraping.shopify_connector_mixin — URLs honeylove [category=bras | count=14]
2026-07-03 07:07:10 DEBUG    app.scraping.shopify_connector_mixin — _resolve_availability() [url=https://honeylove.com/products/cami-bodysuit.json | availability=out_of_stock]
2026-07-03 07:07:10 DEBUG    app.processing.classifier — Classification terminée [name=Cami Bodysuit | family=Bodysuit | subfamily=None | compression=Moyenne | zones=['Dos', 'Poitrine']]
2026-07-03 07:07:10 DEBUG    app.workflow.runner — Enrichissement [product=Cami Bodysuit | promo_freq=0.0 | price_stability=0.0]
2026-07-03 07:07:11 DEBUG    app.scraping.http_client — Requête HTTP [method=GET | url=https://honeylove.com/products/crossover-bra.json | status=200 | duration_ms=178 | attempt=1]
2026-07-03 07:07:11 DEBUG    app.scraping.shopify_connector_mixin — _resolve_availability() [url=https://honeylove.com/products/crossover-bra.json | availability=out_of_stock]
2026-07-03 07:07:11 DEBUG    app.processing.classifier — Classification terminée [name=CrossOver Bra | family=Bra | subfamily=Underwire Bra | compression=Extra-forte | zones=['Dos', 'Poitrine']]
2026-07-03 07:07:11 DEBUG    app.workflow.runner — Enrichissement [product=CrossOver Bra | promo_freq=0.0 | price_stability=0.0]
2026-07-03 07:07:12 DEBUG    app.scraping.http_client — Requête HTTP [method=GET | url=https://honeylove.com/products/mid-thigh-bodysuit.json | status=200 | duration_ms=201 | attempt=1]
2026-07-03 07:07:12 DEBUG    app.scraping.shopify_connector_mixin — _resolve_availability() [url=https://honeylove.com/products/mid-thigh-bodysuit.json | availability=out_of_stock]
2026-07-03 07:07:12 DEBUG    app.processing.classifier — Classification terminée [name=Mid-Thigh Bodysuit | family=Bodysuit | subfamily=Mid-Thigh Bodysuit | compression=Forte | zones=['Cuisses', 'Dos']]
2026-07-03 07:07:12 DEBUG    app.workflow.runner — Enrichissement [product=Mid-Thigh Bodysuit | promo_freq=0.0 | price_stability=0.0]
2026-07-03 07:07:13 DEBUG    app.scraping.http_client — Requête HTTP [method=GET | url=https://honeylove.com/products/crossover-cami-bodysuit.json | status=200 | duration_ms=206 | attempt=1]
2026-07-03 07:07:13 DEBUG    app.scraping.shopify_connector_mixin — _resolve_availability() [url=https://honeylove.com/products/crossover-cami-bodysuit.json | availability=in_stock]
2026-07-03 07:07:13 DEBUG    app.processing.classifier — Classification terminée [name=CrossOver Cami Bodysuit | family=Bodysuit | subfamily=None | compression=Moyenne | zones=['Taille']]
2026-07-03 07:07:13 DEBUG    app.workflow.runner — Enrichissement [product=CrossOver Cami Bodysuit | promo_freq=0.0 | price_stability=0.0]
2026-07-03 07:07:14 DEBUG    app.scraping.http_client — Requête HTTP [method=GET | url=https://honeylove.com/products/softform-bra.json | status=200 | duration_ms=236 | attempt=1]
2026-07-03 07:07:14 DEBUG    app.scraping.shopify_connector_mixin — _resolve_availability() [url=https://honeylove.com/products/softform-bra.json | availability=in_stock]
2026-07-03 07:07:14 DEBUG    app.processing.classifier — Classification terminée [name=SoftForm Bra | family=Bra | subfamily=Underwire Bra | compression=Extra-forte | zones=['Dos']]
2026-07-03 07:07:14 DEBUG    app.workflow.runner — Enrichissement [product=SoftForm Bra | promo_freq=0.0 | price_stability=0.0]
2026-07-03 07:07:15 DEBUG    app.scraping.http_client — Requête HTTP [method=GET | url=https://honeylove.com/products/cami-thong-bodysuit.json | status=200 | duration_ms=181 | attempt=1]
2026-07-03 07:07:15 DEBUG    app.scraping.http_client — Requête HTTP [method=GET | url=https://honeylove.com/products/cloudembrace-bra-with-cloudwire.json | status=200 | duration_ms=192 | attempt=1]
2026-07-03 07:07:16 DEBUG    app.scraping.shopify_connector_mixin — _resolve_availability() [url=https://honeylove.com/products/cami-thong-bodysuit.json | availability=in_stock]
2026-07-03 07:07:16 DEBUG    app.processing.classifier — Classification terminée [name=Cami Thong Bodysuit | family=Bodysuit | subfamily=None | compression=Forte | zones=['Dos', 'Fesses']]
2026-07-03 07:07:16 DEBUG    app.workflow.runner — Enrichissement [product=Cami Thong Bodysuit | promo_freq=0.0 | price_stability=0.0]
2026-07-03 07:07:16 DEBUG    app.scraping.shopify_connector_mixin — _resolve_availability() [url=https://honeylove.com/products/cloudembrace-bra-with-cloudwire.json | availability=out_of_stock]
2026-07-03 07:07:16 DEBUG    app.processing.classifier — Classification terminée [name=CloudEmbrace Bra with CloudWire | family=Bra | subfamily=Underwire Bra | compression=Moyenne | zones=['Dos']]
2026-07-03 07:07:16 DEBUG    app.workflow.runner — Enrichissement [product=CloudEmbrace Bra with CloudWire | promo_freq=0.0 | price_stability=0.0]
2026-07-03 07:07:16 DEBUG    app.scraping.http_client — Requête HTTP [method=GET | url=https://honeylove.com/products/cloudshape-bra-with-cloudwire.json | status=200 | duration_ms=263 | attempt=1]
2026-07-03 07:07:17 DEBUG    app.scraping.shopify_connector_mixin — _resolve_availability() [url=https://honeylove.com/products/cloudshape-bra-with-cloudwire.json | availability=out_of_stock]
2026-07-03 07:07:17 DEBUG    app.processing.classifier — Classification terminée [name=CloudShape Bra with CloudWire | family=Bra | subfamily=Underwire Bra | compression=Moyenne | zones=['Ventre', 'Dos']]
2026-07-03 07:07:17 DEBUG    app.workflow.runner — Enrichissement [product=CloudShape Bra with CloudWire | promo_freq=0.0 | price_stability=0.0]
2026-07-03 07:07:17 DEBUG    app.scraping.http_client — Requête HTTP [method=GET | url=https://honeylove.com/products/cloudlift-bra-with-cloudwire.json | status=200 | duration_ms=191 | attempt=1]
2026-07-03 07:07:17 DEBUG    app.scraping.shopify_connector_mixin — _resolve_availability() [url=https://honeylove.com/products/cloudlift-bra-with-cloudwire.json | availability=out_of_stock]
2026-07-03 07:07:17 DEBUG    app.processing.classifier — Classification terminée [name=CloudLift Bra with CloudWire | family=Bra | subfamily=None | compression=Forte | zones=[]]
2026-07-03 07:07:17 DEBUG    app.workflow.runner — Enrichissement [product=CloudLift Bra with CloudWire | promo_freq=0.0 | price_stability=0.0]
2026-07-03 07:07:18 DEBUG    app.scraping.http_client — Requête HTTP [method=GET | url=https://honeylove.com/products/cami-thong-bodysuit-us.json | status=200 | duration_ms=212 | attempt=1]
2026-07-03 07:07:18 DEBUG    app.scraping.shopify_connector_mixin — _resolve_availability() [url=https://honeylove.com/products/cami-thong-bodysuit-us.json | availability=in_stock]
2026-07-03 07:07:18 DEBUG    app.processing.classifier — Classification terminée [name=Cami Thong Bodysuit | family=Bodysuit | subfamily=None | compression=Forte | zones=['Dos', 'Fesses']]
2026-07-03 07:07:19 DEBUG    app.workflow.runner — Enrichissement [product=Cami Thong Bodysuit | promo_freq=0.0 | price_stability=0.0]
2026-07-03 07:07:20 INFO     app.workflow.scheduler — Planificateur arrêté
2026-07-03 07:07:20 DEBUG    app.scraping.http_client — Requête HTTP [method=GET | url=https://honeylove.com/products/xbalance-bra.json | status=200 | duration_ms=160 | attempt=1]
2026-07-03 07:07:20 DEBUG    app.scraping.shopify_connector_mixin — _resolve_availability() [url=https://honeylove.com/products/xbalance-bra.json | availability=out_of_stock]
2026-07-03 07:07:20 DEBUG    app.processing.classifier — Classification terminée [name=X Balance Bra | family=Bra | subfamily=Wireless Bra | compression=Moyenne | zones=[]]
2026-07-03 07:07:20 DEBUG    app.workflow.runner — Enrichissement [product=X Balance Bra | promo_freq=0.0 | price_stability=0.0]
2026-07-03 07:07:20 DEBUG    app.scraping.http_client — Requête HTTP [method=GET | url=https://honeylove.com/products/cami-bodysuit-us.json | status=200 | duration_ms=223 | attempt=1]
2026-07-03 07:07:21 DEBUG    app.scraping.shopify_connector_mixin — _resolve_availability() [url=https://honeylove.com/products/cami-bodysuit-us.json | availability=in_stock]
2026-07-03 07:07:21 DEBUG    app.processing.classifier — Classification terminée [name=Cami Bodysuit | family=Bodysuit | subfamily=None | compression=Moyenne | zones=['Dos', 'Poitrine']]
2026-07-03 07:07:21 DEBUG    app.workflow.runner — Enrichissement [product=Cami Bodysuit | promo_freq=0.0 | price_stability=0.0]
2026-07-03 07:07:21 DEBUG    app.scraping.http_client — Requête HTTP [method=GET | url=https://honeylove.com/products/cami-bodysuit-au.json | status=200 | duration_ms=175 | attempt=1]
2026-07-03 07:07:22 DEBUG    app.scraping.shopify_connector_mixin — _resolve_availability() [url=https://honeylove.com/products/cami-bodysuit-au.json | availability=in_stock]
2026-07-03 07:07:22 DEBUG    app.processing.classifier — Classification terminée [name=Cami Bodysuit | family=Bodysuit | subfamily=None | compression=Moyenne | zones=['Dos', 'Poitrine']]
2026-07-03 07:07:22 DEBUG    app.workflow.runner — Enrichissement [product=Cami Bodysuit | promo_freq=0.0 | price_stability=0.0]
2026-07-03 07:07:23 DEBUG    app.scraping.http_client — Requête HTTP [method=GET | url=https://honeylove.com/products/silhouette-bra.json | status=200 | duration_ms=209 | attempt=1]
2026-07-03 07:07:23 DEBUG    app.scraping.http_client — Requête HTTP [method=GET | url=https://honeylove.com/products/cami-bodysuit-ca.json | status=200 | duration_ms=208 | attempt=1]
2026-07-03 07:07:23 DEBUG    app.scraping.shopify_connector_mixin — _resolve_availability() [url=https://honeylove.com/products/silhouette-bra.json | availability=out_of_stock]
2026-07-03 07:07:23 DEBUG    app.scraping.shopify_connector_mixin — _resolve_availability() [url=https://honeylove.com/products/cami-bodysuit-ca.json | availability=in_stock]
2026-07-03 07:07:23 DEBUG    app.processing.classifier — Classification terminée [name=Silhouette Bra | family=Bra | subfamily=Underwire Bra | compression=Forte | zones=['Dos', 'Poitrine']]
2026-07-03 07:07:23 DEBUG    app.workflow.runner — Enrichissement [product=Silhouette Bra | promo_freq=0.0 | price_stability=0.0]
2026-07-03 07:07:23 DEBUG    app.processing.classifier — Classification terminée [name=Cami Bodysuit | family=Bodysuit | subfamily=None | compression=Moyenne | zones=['Dos', 'Poitrine']]
2026-07-03 07:07:23 DEBUG    app.workflow.runner — Enrichissement [product=Cami Bodysuit | promo_freq=0.0 | price_stability=0.0]
2026-07-03 07:07:23 DEBUG    app.scraping.http_client — Requête HTTP [method=GET | url=https://honeylove.com/products/crossover-contour-bra.json | status=200 | duration_ms=179 | attempt=1]
2026-07-03 07:07:23 DEBUG    app.scraping.shopify_connector_mixin — _resolve_availability() [url=https://honeylove.com/products/crossover-contour-bra.json | availability=out_of_stock]
2026-07-03 07:07:23 DEBUG    app.processing.classifier — Classification terminée [name=CrossOver Contour Bra | family=Bra | subfamily=None | compression=Moyenne | zones=[]]
2026-07-03 07:07:23 DEBUG    app.workflow.runner — Enrichissement [product=CrossOver Contour Bra | promo_freq=0.0 | price_stability=0.0]
2026-07-03 07:07:24 DEBUG    app.scraping.http_client — Requête HTTP [method=GET | url=https://honeylove.com/products/crossflex-bra.json | status=200 | duration_ms=225 | attempt=1]
2026-07-03 07:07:24 DEBUG    app.scraping.shopify_connector_mixin — _resolve_availability() [url=https://honeylove.com/products/crossflex-bra.json | availability=out_of_stock]
2026-07-03 07:07:24 DEBUG    app.processing.classifier — Classification terminée [name=CrossFlex Activity Bra | family=Bra | subfamily=None | compression=Extra-forte | zones=['Dos']]
2026-07-03 07:07:24 DEBUG    app.workflow.runner — Enrichissement [product=CrossFlex Activity Bra | promo_freq=0.0 | price_stability=0.0]
2026-07-03 07:07:25 DEBUG    app.scraping.http_client — Requête HTTP [method=GET | url=https://honeylove.com/products/cami-bodysuit-gb.json | status=200 | duration_ms=180 | attempt=1]
2026-07-03 07:07:25 DEBUG    app.scraping.shopify_connector_mixin — _resolve_availability() [url=https://honeylove.com/products/cami-bodysuit-gb.json | availability=in_stock]
2026-07-03 07:07:25 DEBUG    app.processing.classifier — Classification terminée [name=Cami Bodysuit | family=Bodysuit | subfamily=None | compression=Moyenne | zones=['Dos', 'Poitrine']]
2026-07-03 07:07:25 DEBUG    app.workflow.runner — Enrichissement [product=Cami Bodysuit | promo_freq=0.0 | price_stability=0.0]
2026-07-03 07:07:26 DEBUG    app.scraping.http_client — Requête HTTP [method=GET | url=https://honeylove.com/products/crossover-v-neck-bra.json | status=200 | duration_ms=212 | attempt=1]
2026-07-03 07:07:26 DEBUG    app.scraping.shopify_connector_mixin — _resolve_availability() [url=https://honeylove.com/products/crossover-v-neck-bra.json | availability=in_stock]
2026-07-03 07:07:26 DEBUG    app.processing.classifier — Classification terminée [name=CrossOver V-Neck Bra | family=Bra | subfamily=Underwire Bra | compression=Moyenne | zones=['Dos', 'Poitrine']]
2026-07-03 07:07:26 DEBUG    app.workflow.runner — Enrichissement [product=CrossOver V-Neck Bra | promo_freq=0.0 | price_stability=0.0]
2026-07-03 07:07:27 DEBUG    app.scraping.http_client — Requête HTTP [method=GET | url=https://honeylove.com/products/low-back-bodysuit-us.json | status=200 | duration_ms=229 | attempt=1]
2026-07-03 07:07:27 DEBUG    app.scraping.shopify_connector_mixin — _resolve_availability() [url=https://honeylove.com/products/low-back-bodysuit-us.json | availability=in_stock]
2026-07-03 07:07:27 DEBUG    app.processing.classifier — Classification terminée [name=Low-Back Bodysuit | family=Bodysuit | subfamily=None | compression=Forte | zones=['Dos', 'Poitrine']]
2026-07-03 07:07:27 DEBUG    app.workflow.runner — Enrichissement [product=Low-Back Bodysuit | promo_freq=0.0 | price_stability=0.0]
2026-07-03 07:07:28 DEBUG    app.scraping.http_client — Requête HTTP [method=GET | url=https://honeylove.com/products/lace-crossover-bra.json | status=200 | duration_ms=325 | attempt=1]
2026-07-03 07:07:28 DEBUG    app.scraping.shopify_connector_mixin — _resolve_availability() [url=https://honeylove.com/products/lace-crossover-bra.json | availability=out_of_stock]
2026-07-03 07:07:28 DEBUG    app.processing.classifier — Classification terminée [name=CrossOver Lace Bra | family=Bra | subfamily=Underwire Bra | compression=Légère | zones=['Dos', 'Poitrine']]
2026-07-03 07:07:28 DEBUG    app.workflow.runner — Enrichissement [product=CrossOver Lace Bra | promo_freq=0.0 | price_stability=0.0]
2026-07-03 07:07:30 DEBUG    app.scraping.http_client — Requête HTTP [method=GET | url=https://honeylove.com/products/open-bust-mid-thigh-bodysuit-us.json | status=200 | duration_ms=303 | attempt=1]
2026-07-03 07:07:30 DEBUG    app.scraping.shopify_connector_mixin — _resolve_availability() [url=https://honeylove.com/products/open-bust-mid-thigh-bodysuit-us.json | availability=in_stock]
2026-07-03 07:07:30 DEBUG    app.processing.classifier — Classification terminée [name=Open-Bust Mid-Thigh Bodysuit | family=Bodysuit | subfamily=Open Bust Bodysuit | compression=Forte | zones=['Cuisses', 'Dos', 'Poitrine']]
2026-07-03 07:07:30 DEBUG    app.workflow.runner — Enrichissement [product=Open-Bust Mid-Thigh Bodysuit | promo_freq=0.0 | price_stability=0.0]
2026-07-03 07:07:30 DEBUG    app.scraping.http_client — Requête HTTP [method=GET | url=https://honeylove.com/products/silhouette-roses-bra.json | status=200 | duration_ms=347 | attempt=1]
2026-07-03 07:07:31 DEBUG    app.scraping.shopify_connector_mixin — _resolve_availability() [url=https://honeylove.com/products/silhouette-roses-bra.json | availability=in_stock]
2026-07-03 07:07:31 DEBUG    app.processing.classifier — Classification terminée [name=Silhouette Roses Bra | family=Bra | subfamily=Underwire Bra | compression=Légère | zones=['Dos']]
2026-07-03 07:07:31 DEBUG    app.workflow.runner — Enrichissement [product=Silhouette Roses Bra | promo_freq=0.0 | price_stability=0.0]
2026-07-03 07:07:33 DEBUG    app.scraping.http_client — Requête HTTP [method=GET | url=https://honeylove.com/products/v-neck-bra.json | status=200 | duration_ms=228 | attempt=1]
2026-07-03 07:07:33 DEBUG    app.scraping.shopify_connector_mixin — _resolve_availability() [url=https://honeylove.com/products/v-neck-bra.json | availability=in_stock]
2026-07-03 07:07:33 DEBUG    app.processing.classifier — Classification terminée [name=V-Neck Bra | family=Bra | subfamily=Underwire Bra | compression=Extra-forte | zones=[]]
2026-07-03 07:07:33 DEBUG    app.workflow.runner — Enrichissement [product=V-Neck Bra | promo_freq=0.0 | price_stability=0.0]
2026-07-03 07:07:33 DEBUG    app.scraping.http_client — Requête HTTP [method=GET | url=https://honeylove.com/products/low-back-bodysuit.json | status=200 | duration_ms=231 | attempt=1]
2026-07-03 07:07:33 DEBUG    app.scraping.http_client — Requête HTTP [method=GET | url=https://honeylove.com/products/cloudembrace-bra.json | status=200 | duration_ms=229 | attempt=1]
2026-07-03 07:07:33 DEBUG    app.scraping.shopify_connector_mixin — _resolve_availability() [url=https://honeylove.com/products/low-back-bodysuit.json | availability=out_of_stock]
2026-07-03 07:07:33 DEBUG    app.processing.classifier — Classification terminée [name=Low-Back Bodysuit | family=Bodysuit | subfamily=None | compression=Forte | zones=['Dos', 'Poitrine']]
2026-07-03 07:07:33 DEBUG    app.scraping.shopify_connector_mixin — _resolve_availability() [url=https://honeylove.com/products/cloudembrace-bra.json | availability=out_of_stock]
2026-07-03 07:07:33 INFO     app.scraping.engine — Crawl catégorie [brand=honeylove | category=underwear]
2026-07-03 07:07:33 DEBUG    app.workflow.runner — Enrichissement [product=Low-Back Bodysuit | promo_freq=0.0 | price_stability=0.0]
2026-07-03 07:07:33 DEBUG    app.processing.classifier — Classification terminée [name=CloudEmbrace Bra | family=Bra | subfamily=Wireless Bra | compression=Moyenne | zones=['Dos']]
2026-07-03 07:07:33 DEBUG    app.scraping.pagination — Page générée [type=offset | page=1 | url=https://honeylove.com/collections/underwear/products.json?page=1&limit=250]
2026-07-03 07:07:33 DEBUG    app.workflow.runner — Enrichissement [product=CloudEmbrace Bra | promo_freq=0.0 | price_stability=0.0]
2026-07-03 07:07:35 DEBUG    app.scraping.http_client — Requête HTTP [method=GET | url=https://honeylove.com/products/open-bust-mid-thigh-bodysuit.json | status=200 | duration_ms=168 | attempt=1]
2026-07-03 07:07:35 DEBUG    app.scraping.shopify_connector_mixin — _resolve_availability() [url=https://honeylove.com/products/open-bust-mid-thigh-bodysuit.json | availability=out_of_stock]
2026-07-03 07:07:35 DEBUG    app.processing.classifier — Classification terminée [name=Open-Bust Mid-Thigh Bodysuit | family=Bodysuit | subfamily=Open Bust Bodysuit | compression=Forte | zones=['Cuisses', 'Dos', 'Poitrine']]
2026-07-03 07:07:35 DEBUG    app.workflow.runner — Enrichissement [product=Open-Bust Mid-Thigh Bodysuit | promo_freq=0.0 | price_stability=0.0]
2026-07-03 07:07:36 DEBUG    app.scraping.http_client — Requête HTTP [method=GET | url=https://honeylove.com/products/cami-bodysuit-petite.json | status=200 | duration_ms=220 | attempt=1]
2026-07-03 07:07:36 DEBUG    app.scraping.shopify_connector_mixin — _resolve_availability() [url=https://honeylove.com/products/cami-bodysuit-petite.json | availability=out_of_stock]
2026-07-03 07:07:36 DEBUG    app.processing.classifier — Classification terminée [name=Cami Bodysuit (Petite) | family=Bodysuit | subfamily=None | compression=Moyenne | zones=['Dos', 'Poitrine']]
2026-07-03 07:07:36 DEBUG    app.workflow.runner — Enrichissement [product=Cami Bodysuit (Petite) | promo_freq=0.0 | price_stability=0.0]
2026-07-03 07:07:36 DEBUG    app.scraping.http_client — Requête HTTP [method=GET | url=https://honeylove.com/collections/underwear/products.json?page=1&limit=250 | status=200 | duration_ms=368 | attempt=1]
2026-07-03 07:07:36 INFO     app.scraping.shopify_connector_mixin — URLs honeylove [category=underwear | count=20]
2026-07-03 07:07:37 DEBUG    app.scraping.http_client — Requête HTTP [method=GET | url=https://honeylove.com/products/meshsculpt-mid-waist-brief.json | status=200 | duration_ms=189 | attempt=1]
2026-07-03 07:07:37 DEBUG    app.scraping.shopify_connector_mixin — _resolve_availability() [url=https://honeylove.com/products/meshsculpt-mid-waist-brief.json | availability=in_stock]
2026-07-03 07:07:37 DEBUG    app.processing.classifier — Produit non classifié — révision manuelle [name=MeshSculpt Mid-Waist Brief | category_raw=Shapewear]
2026-07-03 07:07:37 DEBUG    app.processing.classifier — Classification terminée [name=MeshSculpt Mid-Waist Brief | family=None | subfamily=None | compression=Forte | zones=['Taille', 'Dos', 'Fesses']]
2026-07-03 07:07:38 DEBUG    app.workflow.runner — Enrichissement [product=MeshSculpt Mid-Waist Brief | promo_freq=0.0 | price_stability=0.0]
2026-07-03 07:07:38 DEBUG    app.scraping.http_client — Requête HTTP [method=GET | url=https://honeylove.com/products/liftwear-tank-bodysuit.json | status=200 | duration_ms=161 | attempt=1]
2026-07-03 07:07:38 DEBUG    app.scraping.shopify_connector_mixin — _resolve_availability() [url=https://honeylove.com/products/liftwear-tank-bodysuit.json | availability=out_of_stock]
2026-07-03 07:07:39 DEBUG    app.processing.classifier — Classification terminée [name=Tank Bodysuit | family=Bodysuit | subfamily=None | compression=Forte | zones=['Ventre', 'Dos']]
2026-07-03 07:07:39 DEBUG    app.workflow.runner — Enrichissement [product=Tank Bodysuit | promo_freq=0.0 | price_stability=0.0]
2026-07-03 07:07:39 DEBUG    app.scraping.http_client — Requête HTTP [method=GET | url=https://honeylove.com/products/silhouette-brief.json | status=200 | duration_ms=165 | attempt=1]
2026-07-03 07:07:39 DEBUG    app.scraping.shopify_connector_mixin — _resolve_availability() [url=https://honeylove.com/products/silhouette-brief.json | availability=in_stock]
2026-07-03 07:07:39 DEBUG    app.processing.classifier — Classification terminée [name=Silhouette Brief | family=Panty | subfamily=High-Waist Panty | compression=Légère | zones=['Taille']]
2026-07-03 07:07:39 DEBUG    app.workflow.runner — Enrichissement [product=Silhouette Brief | promo_freq=0.0 | price_stability=0.0]
2026-07-03 07:07:39 DEBUG    app.scraping.http_client — Requête HTTP [method=GET | url=https://honeylove.com/products/lace-crossover-brief.json | status=200 | duration_ms=225 | attempt=1]
2026-07-03 07:07:39 DEBUG    app.scraping.shopify_connector_mixin — _resolve_availability() [url=https://honeylove.com/products/lace-crossover-brief.json | availability=in_stock]
2026-07-03 07:07:39 DEBUG    app.processing.classifier — Classification terminée [name=CrossOver Lace Brief | family=Panty | subfamily=None | compression=Moyenne | zones=['Ventre']]
2026-07-03 07:07:39 DEBUG    app.workflow.runner — Enrichissement [product=CrossOver Lace Brief | promo_freq=0.0 | price_stability=0.0]
2026-07-03 07:07:41 DEBUG    app.scraping.http_client — Requête HTTP [method=GET | url=https://honeylove.com/products/liftwear-tank-bodysuit-us.json | status=200 | duration_ms=211 | attempt=1]
2026-07-03 07:07:41 DEBUG    app.scraping.shopify_connector_mixin — _resolve_availability() [url=https://honeylove.com/products/liftwear-tank-bodysuit-us.json | availability=in_stock]
2026-07-03 07:07:41 INFO     app.scraping.engine — Crawl catégorie [brand=honeylove | category=leggings]
2026-07-03 07:07:41 DEBUG    app.processing.classifier — Classification terminée [name=Tank Bodysuit | family=Bodysuit | subfamily=None | compression=Forte | zones=['Ventre', 'Dos']]
2026-07-03 07:07:41 DEBUG    app.workflow.runner — Enrichissement [product=Tank Bodysuit | promo_freq=0.0 | price_stability=0.0]
2026-07-03 07:07:41 DEBUG    app.scraping.pagination — Page générée [type=offset | page=1 | url=https://honeylove.com/collections/leggings/products.json?page=1&limit=250]
2026-07-03 07:07:43 DEBUG    app.scraping.http_client — Requête HTTP [method=GET | url=https://honeylove.com/products/silhouette-thong.json | status=200 | duration_ms=200 | attempt=1]
2026-07-03 07:07:43 DEBUG    app.scraping.shopify_connector_mixin — _resolve_availability() [url=https://honeylove.com/products/silhouette-thong.json | availability=in_stock]
2026-07-03 07:07:43 DEBUG    app.processing.classifier — Classification terminée [name=Silhouette Thong | family=Panty | subfamily=Thong | compression=Moyenne | zones=['Taille']]
2026-07-03 07:07:43 DEBUG    app.workflow.runner — Enrichissement [product=Silhouette Thong | promo_freq=0.0 | price_stability=0.0]
2026-07-03 07:07:43 DEBUG    app.scraping.http_client — Requête HTTP [method=GET | url=https://honeylove.com/collections/leggings/products.json?page=1&limit=250 | status=200 | duration_ms=187 | attempt=1]
2026-07-03 07:07:43 INFO     app.scraping.shopify_connector_mixin — URLs honeylove [category=leggings | count=0]
2026-07-03 07:07:43 INFO     app.scraping.engine — Crawl catégorie [brand=honeylove | category=tops]
2026-07-03 07:07:43 DEBUG    app.scraping.pagination — Page générée [type=offset | page=1 | url=https://honeylove.com/collections/tops/products.json?page=1&limit=250]
2026-07-03 07:07:45 DEBUG    app.scraping.http_client — Requête HTTP [method=GET | url=https://honeylove.com/collections/tops/products.json?page=1&limit=250 | status=200 | duration_ms=190 | attempt=1]
2026-07-03 07:07:45 INFO     app.scraping.shopify_connector_mixin — URLs honeylove [category=tops | count=4]
2026-07-03 07:07:46 DEBUG    app.scraping.http_client — Requête HTTP [method=GET | url=https://honeylove.com/products/silhouette-roses-brief.json | status=200 | duration_ms=221 | attempt=1]
2026-07-03 07:07:46 DEBUG    app.scraping.shopify_connector_mixin — _resolve_availability() [url=https://honeylove.com/products/silhouette-roses-brief.json | availability=in_stock]
2026-07-03 07:07:46 DEBUG    app.processing.classifier — Classification terminée [name=Silhouette Roses Brief | family=Panty | subfamily=High-Waist Panty | compression=Légère | zones=['Taille']]
2026-07-03 07:07:46 DEBUG    app.workflow.runner — Enrichissement [product=Silhouette Roses Brief | promo_freq=0.0 | price_stability=0.0]
2026-07-03 07:07:46 DEBUG    app.scraping.http_client — Requête HTTP [method=GET | url=https://honeylove.com/products/crossover-brief.json | status=200 | duration_ms=206 | attempt=1]
2026-07-03 07:07:46 DEBUG    app.scraping.shopify_connector_mixin — _resolve_availability() [url=https://honeylove.com/products/crossover-brief.json | availability=out_of_stock]
2026-07-03 07:07:46 DEBUG    app.processing.classifier — Classification terminée [name=CrossOver Brief | family=Panty | subfamily=None | compression=None | zones=['Ventre']]
2026-07-03 07:07:46 DEBUG    app.workflow.runner — Enrichissement [product=CrossOver Brief | promo_freq=0.0 | price_stability=0.0]
2026-07-03 07:07:47 DEBUG    app.scraping.http_client — Requête HTTP [method=GET | url=https://honeylove.com/products/superpower-mid-waist-brief-us.json | status=200 | duration_ms=158 | attempt=1]
2026-07-03 07:07:48 DEBUG    app.scraping.shopify_connector_mixin — _resolve_availability() [url=https://honeylove.com/products/superpower-mid-waist-brief-us.json | availability=in_stock]
2026-07-03 07:07:48 DEBUG    app.processing.classifier — Classification terminée [name=SuperPower Mid-Waist Brief | family=Panty | subfamily=None | compression=Forte | zones=['Taille', 'Ventre', 'Dos']]
2026-07-03 07:07:48 DEBUG    app.workflow.runner — Enrichissement [product=SuperPower Mid-Waist Brief | promo_freq=0.0 | price_stability=0.0]
2026-07-03 07:07:48 DEBUG    app.scraping.http_client — Requête HTTP [method=GET | url=https://honeylove.com/products/liftwear-cami.json | status=200 | duration_ms=271 | attempt=1]
2026-07-03 07:07:48 DEBUG    app.scraping.shopify_connector_mixin — _resolve_availability() [url=https://honeylove.com/products/liftwear-cami.json | availability=out_of_stock]
2026-07-03 07:07:48 DEBUG    app.processing.classifier — Classification terminée [name=LiftWear Cami | family=Bra | subfamily=Wireless Bra | compression=Extra-forte | zones=['Ventre', 'Dos', 'Fesses']]
2026-07-03 07:07:48 DEBUG    app.workflow.runner — Enrichissement [product=LiftWear Cami | promo_freq=0.0 | price_stability=0.0]
2026-07-03 07:07:50 INFO     app.workflow.scheduler — Planificateur arrêté
2026-07-03 07:07:50 DEBUG    app.scraping.http_client — Requête HTTP [method=GET | url=https://honeylove.com/products/softform-cotton-high-rise-brief-us.json | status=200 | duration_ms=173 | attempt=1]
2026-07-03 07:07:50 DEBUG    app.scraping.shopify_connector_mixin — _resolve_availability() [url=https://honeylove.com/products/softform-cotton-high-rise-brief-us.json | availability=in_stock]
2026-07-03 07:07:50 DEBUG    app.processing.classifier — Classification terminée [name=SoftForm Cotton High-Rise Brief | family=Panty | subfamily=None | compression=Légère | zones=['Taille']]
2026-07-03 07:07:50 DEBUG    app.workflow.runner — Enrichissement [product=SoftForm Cotton High-Rise Brief | promo_freq=0.0 | price_stability=0.0]
2026-07-03 07:07:51 DEBUG    app.scraping.http_client — Requête HTTP [method=GET | url=https://honeylove.com/products/liftwear-tank.json | status=200 | duration_ms=360 | attempt=1]
2026-07-03 07:07:51 DEBUG    app.scraping.shopify_connector_mixin — _resolve_availability() [url=https://honeylove.com/products/liftwear-tank.json | availability=out_of_stock]
2026-07-03 07:07:51 DEBUG    app.processing.classifier — Classification terminée [name=LiftWear Tank | family=Bra | subfamily=Wireless Bra | compression=Extra-forte | zones=['Ventre', 'Dos', 'Fesses']]
2026-07-03 07:07:51 DEBUG    app.workflow.runner — Enrichissement [product=LiftWear Tank | promo_freq=0.0 | price_stability=0.0]
2026-07-03 07:07:52 DEBUG    app.scraping.http_client — Requête HTTP [method=GET | url=https://honeylove.com/products/crossover-cami.json | status=200 | duration_ms=228 | attempt=1]
2026-07-03 07:07:52 DEBUG    app.scraping.shopify_connector_mixin — _resolve_availability() [url=https://honeylove.com/products/crossover-cami.json | availability=in_stock]
2026-07-03 07:07:52 DEBUG    app.processing.classifier — Classification terminée [name=CrossOver Cami | family=Bra | subfamily=Wireless Bra | compression=Moyenne | zones=['Taille']]
2026-07-03 07:07:52 DEBUG    app.workflow.runner — Enrichissement [product=CrossOver Cami | promo_freq=0.0 | price_stability=0.0]
2026-07-03 07:07:52 DEBUG    app.scraping.http_client — Requête HTTP [method=GET | url=https://honeylove.com/products/softform-cotton-mid-rise-brief-us.json | status=200 | duration_ms=246 | attempt=1]
2026-07-03 07:07:53 DEBUG    app.scraping.shopify_connector_mixin — _resolve_availability() [url=https://honeylove.com/products/softform-cotton-mid-rise-brief-us.json | availability=in_stock]
2026-07-03 07:07:53 DEBUG    app.processing.classifier — Classification terminée [name=SoftForm Cotton Mid-Rise Brief | family=Panty | subfamily=None | compression=Légère | zones=['Taille']]
2026-07-03 07:07:53 DEBUG    app.workflow.runner — Enrichissement [product=SoftForm Cotton Mid-Rise Brief | promo_freq=0.0 | price_stability=0.0]
2026-07-03 07:07:55 DEBUG    app.scraping.http_client — Requête HTTP [method=GET | url=https://honeylove.com/products/silhouette-cami.json | status=200 | duration_ms=237 | attempt=1]
2026-07-03 07:07:55 DEBUG    app.scraping.shopify_connector_mixin — _resolve_availability() [url=https://honeylove.com/products/silhouette-cami.json | availability=out_of_stock]
2026-07-03 07:07:55 DEBUG    app.processing.classifier — Classification terminée [name=Silhouette Cami | family=Bra | subfamily=Underwire Bra | compression=Moyenne | zones=[]]
2026-07-03 07:07:55 DEBUG    app.workflow.runner — Enrichissement [product=Silhouette Cami | promo_freq=0.0 | price_stability=0.0]
2026-07-03 07:07:55 DEBUG    app.scraping.http_client — Requête HTTP [method=GET | url=https://honeylove.com/products/softform-high-rise-brief-us.json | status=200 | duration_ms=271 | attempt=1]
2026-07-03 07:07:55 DEBUG    app.scraping.shopify_connector_mixin — _resolve_availability() [url=https://honeylove.com/products/softform-high-rise-brief-us.json | availability=in_stock]
2026-07-03 07:07:55 DEBUG    app.processing.classifier — Classification terminée [name=SoftForm High-Rise Brief | family=Panty | subfamily=None | compression=Légère | zones=['Taille']]
2026-07-03 07:07:56 DEBUG    app.workflow.runner — Enrichissement [product=SoftForm High-Rise Brief | promo_freq=0.0 | price_stability=0.0]
2026-07-03 07:07:56 DEBUG    app.scraping.http_client — Requête HTTP [method=GET | url=https://honeylove.com/products/softform-mid-rise-brief-us.json | status=200 | duration_ms=227 | attempt=1]
2026-07-03 07:07:56 DEBUG    app.scraping.shopify_connector_mixin — _resolve_availability() [url=https://honeylove.com/products/softform-mid-rise-brief-us.json | availability=in_stock]
2026-07-03 07:07:56 DEBUG    app.processing.classifier — Classification terminée [name=SoftForm Mid-Rise Brief | family=Panty | subfamily=None | compression=Légère | zones=['Taille']]
2026-07-03 07:07:56 DEBUG    app.workflow.runner — Enrichissement [product=SoftForm Mid-Rise Brief | promo_freq=0.0 | price_stability=0.0]
2026-07-03 07:07:57 DEBUG    app.scraping.http_client — Requête HTTP [method=GET | url=https://honeylove.com/products/superpower-mid-waist-brief.json | status=200 | duration_ms=182 | attempt=1]
2026-07-03 07:07:57 DEBUG    app.scraping.shopify_connector_mixin — _resolve_availability() [url=https://honeylove.com/products/superpower-mid-waist-brief.json | availability=out_of_stock]
2026-07-03 07:07:57 DEBUG    app.processing.classifier — Classification terminée [name=SuperPower Mid-Waist Brief | family=Panty | subfamily=None | compression=Forte | zones=['Taille', 'Ventre', 'Dos']]
2026-07-03 07:07:57 DEBUG    app.workflow.runner — Enrichissement [product=SuperPower Mid-Waist Brief | promo_freq=0.0 | price_stability=0.0]
2026-07-03 07:07:59 DEBUG    app.scraping.http_client — Requête HTTP [method=GET | url=https://honeylove.com/products/softform-cotton-high-rise-brief.json | status=200 | duration_ms=177 | attempt=1]
2026-07-03 07:07:59 DEBUG    app.scraping.shopify_connector_mixin — _resolve_availability() [url=https://honeylove.com/products/softform-cotton-high-rise-brief.json | availability=out_of_stock]
2026-07-03 07:07:59 DEBUG    app.processing.classifier — Classification terminée [name=SoftForm Cotton High-Rise Brief | family=Panty | subfamily=None | compression=Légère | zones=['Taille']]
2026-07-03 07:07:59 DEBUG    app.workflow.runner — Enrichissement [product=SoftForm Cotton High-Rise Brief | promo_freq=0.0 | price_stability=0.0]
2026-07-03 07:08:01 DEBUG    app.scraping.http_client — Requête HTTP [method=GET | url=https://honeylove.com/products/softform-cotton-mid-rise-brief.json | status=200 | duration_ms=299 | attempt=1]
2026-07-03 07:08:01 DEBUG    app.scraping.shopify_connector_mixin — _resolve_availability() [url=https://honeylove.com/products/softform-cotton-mid-rise-brief.json | availability=out_of_stock]
2026-07-03 07:08:01 DEBUG    app.processing.classifier — Classification terminée [name=SoftForm Cotton Mid-Rise Brief | family=Panty | subfamily=None | compression=Légère | zones=['Taille']]
2026-07-03 07:08:01 DEBUG    app.workflow.runner — Enrichissement [product=SoftForm Cotton Mid-Rise Brief | promo_freq=0.0 | price_stability=0.0]
2026-07-03 07:08:03 DEBUG    app.scraping.http_client — Requête HTTP [method=GET | url=https://honeylove.com/products/softform-high-rise-brief.json | status=200 | duration_ms=202 | attempt=1]
2026-07-03 07:08:03 DEBUG    app.scraping.shopify_connector_mixin — _resolve_availability() [url=https://honeylove.com/products/softform-high-rise-brief.json | availability=out_of_stock]
2026-07-03 07:08:03 DEBUG    app.processing.classifier — Classification terminée [name=SoftForm High-Rise Brief | family=Panty | subfamily=None | compression=Légère | zones=['Taille']]
2026-07-03 07:08:03 DEBUG    app.workflow.runner — Enrichissement [product=SoftForm High-Rise Brief | promo_freq=0.0 | price_stability=0.0]
2026-07-03 07:08:03 DEBUG    app.scraping.http_client — Requête HTTP [method=GET | url=https://honeylove.com/products/softform-mid-rise-brief.json | status=200 | duration_ms=256 | attempt=1]
2026-07-03 07:08:04 DEBUG    app.scraping.shopify_connector_mixin — _resolve_availability() [url=https://honeylove.com/products/softform-mid-rise-brief.json | availability=out_of_stock]
2026-07-03 07:08:04 DEBUG    app.processing.classifier — Classification terminée [name=SoftForm Mid-Rise Brief | family=Panty | subfamily=None | compression=Légère | zones=['Taille']]
2026-07-03 07:08:04 DEBUG    app.workflow.runner — Enrichissement [product=SoftForm Mid-Rise Brief | promo_freq=0.0 | price_stability=0.0]
2026-07-03 07:08:07 DEBUG    app.scraping.http_client — Requête HTTP [method=GET | url=https://honeylove.com/products/blisswear-high-rise-boyshort.json | status=200 | duration_ms=182 | attempt=1]
2026-07-03 07:08:07 DEBUG    app.scraping.shopify_connector_mixin — _resolve_availability() [url=https://honeylove.com/products/blisswear-high-rise-boyshort.json | availability=out_of_stock]
2026-07-03 07:08:07 DEBUG    app.processing.classifier — Classification terminée [name=BlissWear High-Rise Boyshort | family=Shaper Short | subfamily=Shaper Brief | compression=Légère | zones=[]]
2026-07-03 07:08:07 DEBUG    app.workflow.runner — Enrichissement [product=BlissWear High-Rise Boyshort | promo_freq=0.0 | price_stability=0.0]
2026-07-03 07:08:09 DEBUG    app.scraping.http_client — Requête HTTP [method=GET | url=https://honeylove.com/products/blisswear-high-rise-brief.json | status=200 | duration_ms=195 | attempt=1]
2026-07-03 07:08:09 DEBUG    app.scraping.shopify_connector_mixin — _resolve_availability() [url=https://honeylove.com/products/blisswear-high-rise-brief.json | availability=out_of_stock]
2026-07-03 07:08:09 DEBUG    app.processing.classifier — Produit non classifié — révision manuelle [name=BlissWear High-Rise Brief | category_raw=Undies]
2026-07-03 07:08:09 DEBUG    app.processing.classifier — Classification terminée [name=BlissWear High-Rise Brief | family=None | subfamily=None | compression=Légère | zones=[]]
2026-07-03 07:08:09 DEBUG    app.workflow.runner — Enrichissement [product=BlissWear High-Rise Brief | promo_freq=0.0 | price_stability=0.0]
2026-07-03 07:08:12 DEBUG    app.scraping.http_client — Requête HTTP [method=GET | url=https://honeylove.com/products/blisswear-mesh-bikini.json | status=200 | duration_ms=154 | attempt=1]
2026-07-03 07:08:12 DEBUG    app.scraping.shopify_connector_mixin — _resolve_availability() [url=https://honeylove.com/products/blisswear-mesh-bikini.json | availability=in_stock]
2026-07-03 07:08:12 DEBUG    app.processing.classifier — Produit non classifié — révision manuelle [name=BlissWear Mesh Bikini | category_raw=Undies]
2026-07-03 07:08:12 DEBUG    app.processing.classifier — Classification terminée [name=BlissWear Mesh Bikini | family=None | subfamily=None | compression=Légère | zones=[]]
2026-07-03 07:08:12 DEBUG    app.workflow.runner — Enrichissement [product=BlissWear Mesh Bikini | promo_freq=0.0 | price_stability=0.0]
2026-07-03 07:08:14 DEBUG    app.scraping.http_client — Requête HTTP [method=GET | url=https://honeylove.com/products/blisswear-mid-rise-brief.json | status=200 | duration_ms=254 | attempt=1]
2026-07-03 07:08:14 DEBUG    app.scraping.shopify_connector_mixin — _resolve_availability() [url=https://honeylove.com/products/blisswear-mid-rise-brief.json | availability=in_stock]
2026-07-03 07:08:14 DEBUG    app.processing.classifier — Produit non classifié — révision manuelle [name=BlissWear Mid-Rise Brief | category_raw=Undies]
2026-07-03 07:08:14 DEBUG    app.processing.classifier — Classification terminée [name=BlissWear Mid-Rise Brief | family=None | subfamily=None | compression=Légère | zones=[]]
2026-07-03 07:08:14 DEBUG    app.workflow.runner — Enrichissement [product=BlissWear Mid-Rise Brief | promo_freq=0.0 | price_stability=0.0]
2026-07-03 07:08:14 INFO     app.scraping.engine — Crawl terminé [brand=honeylove | processed=54 | errors=0 | duration_s=69.6 | success_rate=100.0%]
2026-07-03 07:08:14 INFO     app.workflow.runner — Crawl marque terminé [brand=honeylove | found=54 | new=0 | changed=0 | removed=0 | errors=0 | duration_s=69.7]
2026-07-03 07:08:15 DEBUG    app.connectors.base — Config connecteur chargée [slug=shapermint | engine=shopify_json]
2026-07-03 07:08:15 INFO     app.storage.repository — Session de crawl créée [brand_id=3 | session_id=75]
2026-07-03 07:08:15 INFO     app.workflow.runner — Crawl marque démarré [brand=shapermint | session_id=75]
2026-07-03 07:08:15 INFO     app.scraping.engine — Début de crawl [brand=shapermint | categories=6 | workers=2]
2026-07-03 07:08:15 INFO     app.scraping.engine — Crawl catégorie [brand=shapermint | category=shapewear]
2026-07-03 07:08:15 INFO     app.scraping.engine — Crawl catégorie [brand=shapermint | category=bodysuits]
2026-07-03 07:08:15 DEBUG    app.scraping.pagination — Page générée [type=offset | page=1 | url=https://shapermint.com/collections/shapewear/products.json?page=1&limit=250]
2026-07-03 07:08:15 DEBUG    app.scraping.pagination — Page générée [type=offset | page=1 | url=https://shapermint.com/collections/bodysuits/products.json?page=1&limit=250]
2026-07-03 07:08:17 DEBUG    app.scraping.http_client — Requête HTTP [method=GET | url=https://shapermint.com/collections/shapewear/products.json?page=1&limit=250 | status=404 | duration_ms=367 | attempt=1]
2026-07-03 07:08:17 INFO     app.scraping.shopify_connector_mixin — URLs shapermint [category=shapewear | count=0]
2026-07-03 07:08:17 INFO     app.scraping.engine — Crawl catégorie [brand=shapermint | category=bras]
2026-07-03 07:08:17 DEBUG    app.scraping.pagination — Page générée [type=offset | page=1 | url=https://shapermint.com/collections/bras/products.json?page=1&limit=250]
2026-07-03 07:08:17 DEBUG    app.scraping.http_client — Requête HTTP [method=GET | url=https://shapermint.com/collections/bodysuits/products.json?page=1&limit=250 | status=404 | duration_ms=357 | attempt=1]
2026-07-03 07:08:17 INFO     app.scraping.shopify_connector_mixin — URLs shapermint [category=bodysuits | count=0]
2026-07-03 07:08:17 INFO     app.scraping.engine — Crawl catégorie [brand=shapermint | category=briefs]
2026-07-03 07:08:17 DEBUG    app.scraping.pagination — Page générée [type=offset | page=1 | url=https://shapermint.com/collections/briefs/products.json?page=1&limit=250]
2026-07-03 07:08:18 DEBUG    app.scraping.http_client — Requête HTTP [method=GET | url=https://shapermint.com/collections/bras/products.json?page=1&limit=250 | status=404 | duration_ms=408 | attempt=1]
2026-07-03 07:08:18 INFO     app.scraping.shopify_connector_mixin — URLs shapermint [category=bras | count=0]
2026-07-03 07:08:18 INFO     app.scraping.engine — Crawl catégorie [brand=shapermint | category=thighs-slimmer]
2026-07-03 07:08:18 DEBUG    app.scraping.pagination — Page générée [type=offset | page=1 | url=https://shapermint.com/collections/thighs-slimmer/products.json?page=1&limit=250]
2026-07-03 07:08:20 INFO     app.workflow.scheduler — Planificateur arrêté
2026-07-03 07:08:20 DEBUG    app.scraping.http_client — Requête HTTP [method=GET | url=https://shapermint.com/collections/thighs-slimmer/products.json?page=1&limit=250 | status=404 | duration_ms=300 | attempt=1]
2026-07-03 07:08:20 INFO     app.scraping.shopify_connector_mixin — URLs shapermint [category=thighs-slimmer | count=0]
2026-07-03 07:08:20 INFO     app.scraping.engine — Crawl catégorie [brand=shapermint | category=waist-trainers]
2026-07-03 07:08:20 DEBUG    app.scraping.pagination — Page générée [type=offset | page=1 | url=https://shapermint.com/collections/waist-trainers/products.json?page=1&limit=250]
2026-07-03 07:08:21 DEBUG    app.scraping.http_client — Requête HTTP [method=GET | url=https://shapermint.com/collections/briefs/products.json?page=1&limit=250 | status=404 | duration_ms=357 | attempt=1]
2026-07-03 07:08:21 INFO     app.scraping.shopify_connector_mixin — URLs shapermint [category=briefs | count=0]
2026-07-03 07:08:22 DEBUG    app.scraping.http_client — Requête HTTP [method=GET | url=https://shapermint.com/collections/waist-trainers/products.json?page=1&limit=250 | status=404 | duration_ms=266 | attempt=1]
2026-07-03 07:08:22 INFO     app.scraping.shopify_connector_mixin — URLs shapermint [category=waist-trainers | count=0]
2026-07-03 07:08:22 INFO     app.scraping.engine — Crawl terminé [brand=shapermint | processed=0 | errors=0 | duration_s=7.5 | success_rate=0.0%]
2026-07-03 07:08:22 INFO     app.workflow.runner — Crawl marque terminé [brand=shapermint | found=0 | new=0 | changed=0 | removed=0 | errors=0 | duration_s=7.8]
2026-07-03 07:08:22 DEBUG    app.connectors.base — Config connecteur chargée [slug=skims | engine=shopify_json]
2026-07-03 07:08:22 INFO     app.storage.repository — Session de crawl créée [brand_id=4 | session_id=76]
2026-07-03 07:08:22 INFO     app.workflow.runner — Crawl marque démarré [brand=skims | session_id=76]
2026-07-03 07:08:22 INFO     app.scraping.engine — Début de crawl [brand=skims | categories=6 | workers=2]
2026-07-03 07:08:22 INFO     app.scraping.engine — Crawl catégorie [brand=skims | category=bodywear]
2026-07-03 07:08:22 INFO     app.scraping.engine — Crawl catégorie [brand=skims | category=bras]
2026-07-03 07:08:22 DEBUG    app.scraping.pagination — Page générée [type=offset | page=1 | url=https://skims.com/collections/bodywear/products.json?page=1&limit=250]
2026-07-03 07:08:22 DEBUG    app.scraping.pagination — Page générée [type=offset | page=1 | url=https://skims.com/collections/bras/products.json?page=1&limit=250]
2026-07-03 07:08:25 DEBUG    app.scraping.http_client — Requête HTTP [method=GET | url=https://skims.com/collections/bras/products.json?page=1&limit=250 | status=404 | duration_ms=506 | attempt=1]
2026-07-03 07:08:25 INFO     app.scraping.shopify_connector_mixin — URLs skims [category=bras | count=0]
2026-07-03 07:08:25 INFO     app.scraping.engine — Crawl catégorie [brand=skims | category=underwear]
2026-07-03 07:08:25 DEBUG    app.scraping.pagination — Page générée [type=offset | page=1 | url=https://skims.com/collections/underwear/products.json?page=1&limit=250]
2026-07-03 07:08:25 DEBUG    app.scraping.http_client — Requête HTTP [method=GET | url=https://skims.com/collections/bodywear/products.json?page=1&limit=250 | status=404 | duration_ms=889 | attempt=1]
2026-07-03 07:08:25 INFO     app.scraping.shopify_connector_mixin — URLs skims [category=bodywear | count=0]
2026-07-03 07:08:25 INFO     app.scraping.engine — Crawl catégorie [brand=skims | category=swim]
2026-07-03 07:08:25 DEBUG    app.scraping.pagination — Page générée [type=offset | page=1 | url=https://skims.com/collections/swim/products.json?page=1&limit=250]
2026-07-03 07:08:27 DEBUG    app.scraping.http_client — Requête HTTP [method=GET | url=https://skims.com/collections/underwear/products.json?page=1&limit=250 | status=404 | duration_ms=554 | attempt=1]
2026-07-03 07:08:27 INFO     app.scraping.shopify_connector_mixin — URLs skims [category=underwear | count=0]
2026-07-03 07:08:27 INFO     app.scraping.engine — Crawl catégorie [brand=skims | category=shorts]
2026-07-03 07:08:27 DEBUG    app.scraping.pagination — Page générée [type=offset | page=1 | url=https://skims.com/collections/shorts/products.json?page=1&limit=250]
2026-07-03 07:08:28 DEBUG    app.scraping.http_client — Requête HTTP [method=GET | url=https://skims.com/collections/swim/products.json?page=1&limit=250 | status=404 | duration_ms=979 | attempt=1]
2026-07-03 07:08:28 INFO     app.scraping.shopify_connector_mixin — URLs skims [category=swim | count=0]
2026-07-03 07:08:28 INFO     app.scraping.engine — Crawl catégorie [brand=skims | category=leggings]
2026-07-03 07:08:29 DEBUG    app.scraping.pagination — Page générée [type=offset | page=1 | url=https://skims.com/collections/leggings/products.json?page=1&limit=250]
2026-07-03 07:08:29 DEBUG    app.scraping.http_client — Requête HTTP [method=GET | url=https://skims.com/collections/leggings/products.json?page=1&limit=250 | status=404 | duration_ms=593 | attempt=1]
2026-07-03 07:08:29 INFO     app.scraping.shopify_connector_mixin — URLs skims [category=leggings | count=0]
2026-07-03 07:08:29 DEBUG    app.scraping.http_client — Requête HTTP [method=GET | url=https://skims.com/collections/shorts/products.json?page=1&limit=250 | status=404 | duration_ms=534 | attempt=1]
2026-07-03 07:08:29 INFO     app.scraping.shopify_connector_mixin — URLs skims [category=shorts | count=0]
2026-07-03 07:08:29 INFO     app.scraping.engine — Crawl terminé [brand=skims | processed=0 | errors=0 | duration_s=7.2 | success_rate=0.0%]
2026-07-03 07:08:30 INFO     app.workflow.runner — Crawl marque terminé [brand=skims | found=0 | new=0 | changed=0 | removed=0 | errors=0 | duration_s=7.3]
2026-07-03 07:08:30 DEBUG    app.connectors.base — Config connecteur chargée [slug=spanx | engine=shopify_json]
2026-07-03 07:08:30 INFO     app.storage.repository — Session de crawl créée [brand_id=1 | session_id=77]
2026-07-03 07:08:30 INFO     app.workflow.runner — Crawl marque démarré [brand=spanx | session_id=77]
2026-07-03 07:08:30 INFO     app.scraping.engine — Début de crawl [brand=spanx | categories=7 | workers=2]
2026-07-03 07:08:30 INFO     app.scraping.engine — Crawl catégorie [brand=spanx | category=bodysuits]
2026-07-03 07:08:30 INFO     app.scraping.engine — Crawl catégorie [brand=spanx | category=shorts]
2026-07-03 07:08:30 DEBUG    app.scraping.pagination — Page générée [type=offset | page=1 | url=https://www.spanx.com/collections/shorts/products.json?page=1&limit=250]
2026-07-03 07:08:30 DEBUG    app.scraping.pagination — Page générée [type=offset | page=1 | url=https://www.spanx.com/collections/bodysuits/products.json?page=1&limit=250]
2026-07-03 07:08:31 DEBUG    app.scraping.http_client — Requête HTTP [method=GET | url=https://www.spanx.com/collections/shorts/products.json?page=1&limit=250 | status=200 | duration_ms=336 | attempt=1]
2026-07-03 07:08:31 INFO     app.connectors.spanx.connector — URLs produits SPANX [category=shorts | count=33]
2026-07-03 07:08:33 DEBUG    app.scraping.http_client — Requête HTTP [method=GET | url=https://www.spanx.com/collections/bodysuits/products.json?page=1&limit=250 | status=200 | duration_ms=214 | attempt=1]
2026-07-03 07:08:33 INFO     app.connectors.spanx.connector — URLs produits SPANX [category=bodysuits | count=8]
2026-07-03 07:08:34 DEBUG    app.scraping.http_client — Requête HTTP [method=GET | url=https://www.spanx.com/products/spanxsculpt-seamless-power-thong-bodysuit-very-black.json | status=200 | duration_ms=239 | attempt=1]
2026-07-03 07:08:35 DEBUG    app.scraping.http_client — Requête HTTP [method=GET | url=https://www.spanx.com/products/spanxsupersmooth-stretch-twill-short-7-inch-classic-white.json | status=200 | duration_ms=256 | attempt=1]
2026-07-03 07:08:36 DEBUG    app.scraping.http_client — Requête HTTP [method=GET | url=https://www.spanx.com/products/spanxsupersmooth-stretch-twill-short-7-inch-classic-white | status=200 | duration_ms=1193 | attempt=1]
2026-07-03 07:08:37 DEBUG    app.processing.classifier — Classification terminée [name=SPANXsupersmooth®  Stretch Twill Short, 7" | Classic White | family=Shaper Short | subfamily=None | compression=Légère | zones=['Taille', 'Ventre', 'Hanches', 'Dos', 'Fesses']]
2026-07-03 07:08:37 DEBUG    app.workflow.runner — Enrichissement [product=SPANXsupersmooth®  Stretch Twill Short, 7" | Classic White | promo_freq=0.0 | price_stability=0.0]
2026-07-03 07:08:38 DEBUG    app.scraping.http_client — Requête HTTP [method=GET | url=https://www.spanx.com/products/spanxsculpt-seamless-power-thong-bodysuit-very-black | status=200 | duration_ms=1017 | attempt=1]
2026-07-03 07:08:38 DEBUG    app.processing.classifier — Classification terminée [name=SPANXsculpt®  Seamless Power Thong Bodysuit | Very Black | family=Bodysuit | subfamily=None | compression=Forte | zones=['Taille']]
2026-07-03 07:08:38 DEBUG    app.workflow.runner — Enrichissement [product=SPANXsculpt®  Seamless Power Thong Bodysuit | Very Black | promo_freq=0.0 | price_stability=0.0]
2026-07-03 07:08:38 DEBUG    app.scraping.http_client — Requête HTTP [method=GET | url=https://www.spanx.com/products/spanxsculpt-seamless-power-thong-bodysuit-cafe-au-lait.json | status=200 | duration_ms=228 | attempt=1]
2026-07-03 07:08:39 DEBUG    app.scraping.http_client — Requête HTTP [method=GET | url=https://www.spanx.com/products/spanxshape-authentic-360-raw-hem-jean-short-5-inch-adriatic-blue.json | status=200 | duration_ms=201 | attempt=1]
2026-07-03 07:08:41 DEBUG    app.scraping.http_client — Requête HTTP [method=GET | url=https://www.spanx.com/products/spanxsculpt-seamless-power-thong-bodysuit-cafe-au-lait | status=200 | duration_ms=980 | attempt=1]
2026-07-03 07:08:41 DEBUG    app.processing.classifier — Classification terminée [name=SPANXsculpt®  Seamless Power Thong Bodysuit | Cafe Au Lait | family=Bodysuit | subfamily=None | compression=Forte | zones=['Taille']]
2026-07-03 07:08:41 DEBUG    app.workflow.runner — Enrichissement [product=SPANXsculpt®  Seamless Power Thong Bodysuit | Cafe Au Lait | promo_freq=0.0 | price_stability=0.0]
2026-07-03 07:08:42 DEBUG    app.scraping.http_client — Requête HTTP [method=GET | url=https://www.spanx.com/products/spanxshape-authentic-360-raw-hem-jean-short-5-inch-adriatic-blue | status=200 | duration_ms=1404 | attempt=1]
2026-07-03 07:08:42 DEBUG    app.processing.classifier — Classification terminée [name=SPANXshape®  Authentic 360 Raw Hem Jean Short, 5" | Adriatic Blue | family=Shaper Short | subfamily=None | compression=Moyenne | zones=['Taille', 'Ventre', 'Dos', 'Fesses']]
2026-07-03 07:08:42 DEBUG    app.workflow.runner — Enrichissement [product=SPANXshape®  Authentic 360 Raw Hem Jean Short, 5" | Adriatic Blue | promo_freq=0.0 | price_stability=0.0]
2026-07-03 07:08:44 DEBUG    app.scraping.http_client — Requête HTTP [method=GET | url=https://www.spanx.com/products/spanxsculpt-seamless-power-thong-bodysuit-soft-nude.json | status=200 | duration_ms=209 | attempt=1]
2026-07-03 07:08:44 DEBUG    app.scraping.http_client — Requête HTTP [method=GET | url=https://www.spanx.com/products/spanxshape-authentic-360-denim-culottes-elysian.json | status=200 | duration_ms=293 | attempt=1]
2026-07-03 07:08:46 DEBUG    app.scraping.http_client — Requête HTTP [method=GET | url=https://www.spanx.com/products/spanxshape-authentic-360-denim-culottes-elysian | status=200 | duration_ms=981 | attempt=1]
2026-07-03 07:08:46 DEBUG    app.processing.classifier — Produit non classifié — révision manuelle [name=SPANXshape®  Authentic 360 Denim Culottes | Elysian | category_raw=Bottoms]
2026-07-03 07:08:46 DEBUG    app.processing.classifier — Classification terminée [name=SPANXshape®  Authentic 360 Denim Culottes | Elysian | family=None | subfamily=None | compression=Moyenne | zones=['Taille', 'Ventre', 'Dos', 'Fesses']]
2026-07-03 07:08:46 DEBUG    app.workflow.runner — Enrichissement [product=SPANXshape®  Authentic 360 Denim Culottes | Elysian | promo_freq=100.0 | price_stability=0.0]
2026-07-03 07:08:47 DEBUG    app.scraping.http_client — Requête HTTP [method=GET | url=https://www.spanx.com/products/spanxsupersmooth-stretch-twill-short-with-patch-pockets-5-inch-ivory.json | status=200 | duration_ms=265 | attempt=1]
2026-07-03 07:08:48 DEBUG    app.scraping.http_client — Requête HTTP [method=GET | url=https://www.spanx.com/products/spanxsculpt-seamless-power-thong-bodysuit-soft-nude | status=200 | duration_ms=853 | attempt=1]
2026-07-03 07:08:48 DEBUG    app.processing.classifier — Classification terminée [name=SPANXsculpt®  Seamless Power Thong Bodysuit | Soft Nude | family=Bodysuit | subfamily=None | compression=Forte | zones=['Taille']]
2026-07-03 07:08:48 DEBUG    app.workflow.runner — Enrichissement [product=SPANXsculpt®  Seamless Power Thong Bodysuit | Soft Nude | promo_freq=0.0 | price_stability=0.0]
2026-07-03 07:08:50 INFO     app.workflow.scheduler — Planificateur arrêté
2026-07-03 07:08:51 DEBUG    app.scraping.http_client — Requête HTTP [method=GET | url=https://www.spanx.com/products/spanxsupersmooth-stretch-twill-short-with-patch-pockets-5-inch-ivory | status=200 | duration_ms=981 | attempt=1]
2026-07-03 07:08:51 DEBUG    app.processing.classifier — Classification terminée [name=SPANXsupersmooth®  Stretch Twill Short with Patch Pockets, 5" | Ivory | family=Shaper Short | subfamily=None | compression=Légère | zones=['Taille', 'Ventre', 'Dos', 'Fesses']]
2026-07-03 07:08:51 DEBUG    app.workflow.runner — Enrichissement [product=SPANXsupersmooth®  Stretch Twill Short with Patch Pockets, 5" | Ivory | promo_freq=0.0 | price_stability=0.0]
2026-07-03 07:08:51 DEBUG    app.scraping.http_client — Requête HTTP [method=GET | url=https://www.spanx.com/products/spanxsculpt-seamless-power-thong-bodysuit-chestnut-brown.json | status=200 | duration_ms=182 | attempt=1]
2026-07-03 07:08:54 DEBUG    app.scraping.http_client — Requête HTTP [method=GET | url=https://www.spanx.com/products/spanxshape-authentic-360-jean-short-10-inch-marina.json | status=200 | duration_ms=178 | attempt=1]
2026-07-03 07:08:54 DEBUG    app.scraping.http_client — Requête HTTP [method=GET | url=https://www.spanx.com/products/spanxsculpt-seamless-power-thong-bodysuit-chestnut-brown | status=200 | duration_ms=927 | attempt=1]
2026-07-03 07:08:54 DEBUG    app.processing.classifier — Classification terminée [name=SPANXsculpt®  Seamless Power Thong Bodysuit | Chestnut Brown | family=Bodysuit | subfamily=None | compression=Forte | zones=['Taille', 'Poitrine']]
